<?xml version="1.0" encoding="UTF-8"?>
<!-- Generated by org.testng.reporters.JUnitXMLReporter -->
<testsuite hostname="Vishal-PC" ignored="0" name="Surefire test" tests="3" failures="0" timestamp="2019-11-10T22:08:00 IST" time="30.857" errors="0">
  <testcase name="ex" time="0.007" classname="qaclickacademy.ExampleTest"/>
  <testcase name="mo" time="22.796" classname="qaclickacademy.mouseoverTest"/>
  <testcase name="tab" time="8.002" classname="qaclickacademy.tablegridTest"/>
</testsuite> <!-- Surefire test -->
