<?xml version="1.0" encoding="UTF-8"?>
<testng-results ignored="0" total="2" passed="2" failed="0" skipped="0">
  <reporter-output>
  </reporter-output>
  <suite started-at="2019-11-08T22:47:29 IST" name="Default suite" finished-at="2019-11-08T22:47:53 IST" duration-ms="24143">
    <groups>
    </groups>
    <test started-at="2019-11-08T22:47:29 IST" name="Default test" finished-at="2019-11-08T22:47:53 IST" duration-ms="24143">
      <class name="qaclickacademy.autosuggestivedropdowns">
        <test-method signature="Data()[pri:0, instance:qaclickacademy.autosuggestivedropdowns@78dd667e]" started-at="2019-11-08T22:47:29 IST" name="Data" finished-at="2019-11-08T22:47:29 IST" duration-ms="12" status="PASS">
          <reporter-output>
          </reporter-output>
        </test-method> <!-- Data -->
        <test-method signature="dropdown()[pri:0, instance:qaclickacademy.autosuggestivedropdowns@78dd667e]" started-at="2019-11-08T22:47:29 IST" name="dropdown" finished-at="2019-11-08T22:47:53 IST" duration-ms="24075" status="PASS">
          <reporter-output>
          </reporter-output>
        </test-method> <!-- dropdown -->
      </class> <!-- qaclickacademy.autosuggestivedropdowns -->
    </test> <!-- Default test -->
  </suite> <!-- Default suite -->
</testng-results>
